<?xml version="1.0" encoding="UTF-8"?>
<!-- Generated by org.testng.reporters.JUnitXMLReporter -->
<testsuite ignored="3" hostname="Priyanka" failures="0" tests="1" name="Default test" time="1.869" errors="0" timestamp="2025-06-04T09:09:57 IST">
  <testcase classname="com.RestAPITestBDD.JSONPayloadWays" name="usingJsonFile" time="1.824"/>
  <testcase classname="com.RestAPITestBDD.JSONPayloadWays" name="usingPOJO" time="0.0">
    <ignored/>
  </testcase> <!-- usingPOJO -->
  <testcase classname="com.RestAPITestBDD.JSONPayloadWays" name="usingJSONObjectClass" time="0.0">
    <ignored/>
  </testcase> <!-- usingJSONObjectClass -->
  <testcase classname="com.RestAPITestBDD.JSONPayloadWays" name="usingHashMap" time="0.0">
    <ignored/>
  </testcase> <!-- usingHashMap -->
</testsuite> <!-- Default test -->
