<?xml version="1.0" encoding="UTF-8"?>
<!-- Generated by org.testng.reporters.JUnitXMLReporter -->
<testsuite ignored="1" hostname="Priyanka" failures="0" tests="1" name="Default test" time="0.222" errors="0" timestamp="2025-06-06T09:23:08 IST">
  <testcase classname="com.RestAPITestBDD.TestSerializationdeserialization" name="testDeserialization" time="0.175"/>
  <testcase classname="com.RestAPITestBDD.TestSerializationdeserialization" name="testSerialization" time="0.0">
    <ignored/>
  </testcase> <!-- testSerialization -->
</testsuite> <!-- Default test -->
