<?xml version="1.0" encoding="UTF-8"?>
<!-- Generated by org.testng.reporters.JUnitXMLReporter -->
<testsuite ignored="0" hostname="LAPTOP-5KMFOFH9" failures="0" tests="14" name="Test" time="50.362" errors="0" timestamp="2025-04-04T08:45:22 IST">
  <testcase classname="com.SwagLab.TestCases.T1_LoginTest" name="verifyUrl" time="0.025"/>
  <testcase classname="com.SwagLab.TestCases.T1_LoginTest" name="validateLogin" time="0.425"/>
  <testcase classname="com.SwagLab.TestCases.T2_InventoryTest" name="verifyProductCount" time="0.02"/>
  <testcase classname="com.SwagLab.TestCases.T2_InventoryTest" name="verifyProductDetails" time="0.116"/>
  <testcase classname="com.SwagLab.TestCases.T2_InventoryTest" name="validateAddToCartFeature" time="0.249"/>
  <testcase classname="com.SwagLab.TestCases.T3_CartPageTest" name="verifyProductAddedToCart" time="0.026"/>
  <testcase classname="com.SwagLab.TestCases.T3_CartPageTest" name="validateProductRemove" time="2.1"/>
  <testcase classname="com.SwagLab.TestCases.T3_CartPageTest" name="validateContinueShopping" time="6.378"/>
  <testcase classname="com.SwagLab.TestCases.T3_CartPageTest" name="verifyCheckOutPageLaunch" time="2.088"/>
  <testcase classname="com.SwagLab.TestCases.T4_CheckOutPageTest" name="validateCheckOut" time="0.384"/>
  <testcase classname="com.SwagLab.TestCases.T5_OverviewPageTest" name="verifyPayementDeatails" time="0.045"/>
  <testcase classname="com.SwagLab.TestCases.T5_OverviewPageTest" name="verifyshippingDetails" time="0.037"/>
  <testcase classname="com.SwagLab.TestCases.T5_OverviewPageTest" name="verifyPriceDetails" time="0.052"/>
  <testcase classname="com.SwagLab.TestCases.T5_OverviewPageTest" name="validateCheckoutProcess" time="0.115"/>
</testsuite> <!-- Test -->
