<?xml version="1.0" encoding="UTF-8"?>
<!-- Generated by org.testng.reporters.JUnitXMLReporter -->
<testsuite ignored="0" hostname="LAPTOP-5KMFOFH9" failures="0" tests="5" name="Test3" time="20.318" errors="0" timestamp="2025-03-25T09:09:14 IST">
  <testcase classname="com.SwagLab.TestCases.T2_InventoryTest" name="verifyProductCount" time="0.024"/>
  <testcase classname="com.SwagLab.TestCases.T1_LoginTest" name="verifyUrl" time="0.011"/>
  <testcase classname="com.SwagLab.TestCases.T1_LoginTest" name="validateLogin" time="0.567"/>
  <testcase classname="com.SwagLab.TestCases.T2_InventoryTest" name="verifyProductDetails" time="0.068"/>
  <testcase classname="com.SwagLab.TestCases.T2_InventoryTest" name="validateAddToCartFeature" time="0.492"/>
</testsuite> <!-- Test3 -->
