<?xml version="1.0" encoding="UTF-8"?>
<!-- Generated by org.testng.reporters.JUnitXMLReporter -->
<testsuite ignored="0" hostname="LAPTOP-5KMFOFH9" failures="0" tests="4" name="Test" time="20.37" errors="0" timestamp="2025-04-15T08:56:06 IST">
  <testcase classname="com.SwagLab.TestCases.T3_CartPageTest" name="verifyProductAddedToCart" time="0.038"/>
  <testcase classname="com.SwagLab.TestCases.T3_CartPageTest" name="validateProductRemove" time="2.101"/>
  <testcase classname="com.SwagLab.TestCases.T3_CartPageTest" name="validateContinueShopping" time="6.485"/>
  <testcase classname="com.SwagLab.TestCases.T3_CartPageTest" name="verifyCheckOutPageLaunch" time="2.156"/>
</testsuite> <!-- Test -->
