<?xml version="1.0" encoding="UTF-8"?>
<!-- Generated by org.testng.reporters.JUnitXMLReporter -->
<testsuite ignored="0" hostname="Priyanka" failures="0" tests="4" name="Test" time="15.619" errors="0" timestamp="2025-04-17T09:00:00 IST">
  <testcase classname="com.SwagLab.TestCases.T5_OverviewPageTest" name="verifyPayementDeatails" time="0.073"/>
  <testcase classname="com.SwagLab.TestCases.T5_OverviewPageTest" name="verifyshippingDetails" time="0.068"/>
  <testcase classname="com.SwagLab.TestCases.T5_OverviewPageTest" name="verifyPriceDetails" time="0.059"/>
  <testcase classname="com.SwagLab.TestCases.T5_OverviewPageTest" name="validateCheckoutProcess" time="0.12"/>
</testsuite> <!-- Test -->
