<?xml version="1.0" encoding="UTF-8"?>
<!-- Generated by org.testng.reporters.JUnitXMLReporter -->
<testsuite ignored="6" hostname="LAPTOP-5KMFOFH9" failures="4" tests="7" name="Test(failed)" time="5.141" errors="0" timestamp="2025-03-18T09:06:55 IST">
  <testcase classname="com.TestNG.BasicConcepts.TestDemo3_timeout" name="testCase2" time="5.03">
    <failure type="org.testng.internal.thread.ThreadTimeoutException" message="Method com.TestNG.BasicConcepts.TestDemo3_timeout.testCase2() didn&amp;apos;t finish within the time-out 5000">
      <![CDATA[org.testng.internal.thread.ThreadTimeoutException: Method com.TestNG.BasicConcepts.TestDemo3_timeout.testCase2() didn't finish within the time-out 5000
at java.base@17.0.2/java.lang.Thread.sleep(Native Method)
at app//com.TestNG.BasicConcepts.TestDemo3_timeout.testCase2(TestDemo3_timeout.java:20)
at java.base@17.0.2/java.util.concurrent.FutureTask.run(FutureTask.java:264)
at java.base@17.0.2/java.util.concurrent.ThreadPoolExecutor.runWorker(ThreadPoolExecutor.java:1136)
at java.base@17.0.2/java.util.concurrent.ThreadPoolExecutor$Worker.run(ThreadPoolExecutor.java:635)
at java.base@17.0.2/java.lang.Thread.run(Thread.java:833)
... Removed 8 stack frames]]>
    </failure>
  </testcase> <!-- testCase2 -->
  <testcase classname="com.TestNG.BasicConcepts.TestDemo5_Assertion" name="testSoftAssertion" time="0.016">
    <failure type="java.lang.AssertionError" message="The following asserts failed:
	Test Fail: As Numbers are not equal! expected [500] but found [100]">
      <![CDATA[java.lang.AssertionError: The following asserts failed:
Test Fail: As Numbers are not equal! expected [500] but found [100]
at com.TestNG.BasicConcepts.TestDemo5_Assertion.testSoftAssertion(TestDemo5_Assertion.java:55)
at java.base/java.util.ArrayList.forEach(ArrayList.java:1511)
... Removed 29 stack frames]]>
    </failure>
  </testcase> <!-- testSoftAssertion -->
  <testcase classname="com.TestNG.BasicConcepts.TestDemo6_DependsOnMethods" name="registerTest" time="0.003"/>
  <testcase classname="com.TestNG.BasicConcepts.TestDemo6_DependsOnMethods" name="loginTest" time="0.002">
    <failure type="java.lang.AssertionError" message="expected:&amp;lt;true&amp;gt; but was:&amp;lt;false&amp;gt;">
      <![CDATA[java.lang.AssertionError: expected:<true> but was:<false>
at com.TestNG.BasicConcepts.TestDemo6_DependsOnMethods.loginTest(TestDemo6_DependsOnMethods.java:21)
at java.base/java.util.ArrayList.forEach(ArrayList.java:1511)
... Removed 32 stack frames]]>
    </failure>
  </testcase> <!-- loginTest -->
  <testcase classname="com.TestNG.BasicConcepts.TestDemo7_Grouping" name="loginTest" time="0.001">
    <failure type="java.lang.AssertionError" message="expected:&amp;lt;false&amp;gt; but was:&amp;lt;true&amp;gt;">
      <![CDATA[java.lang.AssertionError: expected:<false> but was:<true>
at com.TestNG.BasicConcepts.TestDemo7_Grouping.loginTest(TestDemo7_Grouping.java:20)
at java.base/java.util.ArrayList.forEach(ArrayList.java:1511)
... Removed 32 stack frames]]>
    </failure>
  </testcase> <!-- loginTest -->
  <testcase classname="com.TestNG.BasicConcepts.TestDemo6_DependsOnMethods" name="logoutTest" time="0.001">
    <skipped/>
  </testcase> <!-- logoutTest -->
  <testcase classname="com.TestNG.BasicConcepts.TestDemo7_Grouping" name="searchProductTest" time="0.0">
    <skipped/>
  </testcase> <!-- searchProductTest -->
  <testcase classname="com.TestNG.BasicConcepts.TestDemo5_Assertion" name="testHardAssert" time="0.0">
    <ignored/>
  </testcase> <!-- testHardAssert -->
  <testcase classname="com.TestNG.BasicConcepts.TestDemo7_Grouping" name="addToCartTest" time="0.0">
    <ignored/>
  </testcase> <!-- addToCartTest -->
  <testcase classname="com.TestNG.BasicConcepts.TestDemo3_timeout" name="testCase1" time="0.0">
    <ignored/>
  </testcase> <!-- testCase1 -->
  <testcase classname="com.TestNG.BasicConcepts.TestDemo7_Grouping" name="registerTest" time="0.0">
    <ignored/>
  </testcase> <!-- registerTest -->
  <testcase classname="com.TestNG.BasicConcepts.TestDemo7_Grouping" name="logoutTest" time="0.0">
    <ignored/>
  </testcase> <!-- logoutTest -->
  <testcase classname="com.TestNG.BasicConcepts.TestDemo7_Grouping" name="paymentTest" time="0.0">
    <ignored/>
  </testcase> <!-- paymentTest -->
</testsuite> <!-- Test(failed) -->
