<?xml version="1.0" encoding="UTF-8"?>
<testng-results ignored="0" total="14" passed="14" failed="0" skipped="0">
  <reporter-output>
  </reporter-output>
  <suite started-at="2025-04-04T09:23:32 IST" name="Suite" finished-at="2025-04-04T09:24:26 IST" duration-ms="53927">
    <groups>
    </groups>
    <test started-at="2025-04-04T09:23:32 IST" name="Test" finished-at="2025-04-04T09:24:26 IST" duration-ms="53927">
      <class name="com.SwagLab.TestCases.T5_OverviewPageTest">
        <test-method is-config="true" signature="setUp(java.lang.String)[pri:0, instance:com.SwagLab.TestCases.T5_OverviewPageTest@479d31f3]" started-at="2025-04-04T09:24:11 IST" name="setUp" finished-at="2025-04-04T09:24:13 IST" duration-ms="2062" status="PASS">
          <params>
            <param index="0">
              <value>
                <![CDATA[chrome]]>
              </value>
            </param>
          </params>
          <reporter-output>
          </reporter-output>
        </test-method> <!-- setUp -->
        <test-method is-config="true" signature="pageSetUp()[pri:0, instance:com.SwagLab.TestCases.T5_OverviewPageTest@479d31f3]" started-at="2025-04-04T09:24:13 IST" name="pageSetUp" finished-at="2025-04-04T09:24:25 IST" duration-ms="11421" status="PASS">
          <reporter-output>
          </reporter-output>
        </test-method> <!-- pageSetUp -->
        <test-method signature="verifyPayementDeatails()[pri:1, instance:com.SwagLab.TestCases.T5_OverviewPageTest@479d31f3]" started-at="2025-04-04T09:24:25 IST" name="verifyPayementDeatails" finished-at="2025-04-04T09:24:25 IST" duration-ms="51" status="PASS">
          <reporter-output>
          </reporter-output>
        </test-method> <!-- verifyPayementDeatails -->
        <test-method signature="verifyshippingDetails()[pri:2, instance:com.SwagLab.TestCases.T5_OverviewPageTest@479d31f3]" started-at="2025-04-04T09:24:25 IST" name="verifyshippingDetails" finished-at="2025-04-04T09:24:25 IST" duration-ms="55" status="PASS">
          <reporter-output>
          </reporter-output>
        </test-method> <!-- verifyshippingDetails -->
        <test-method signature="verifyPriceDetails()[pri:3, instance:com.SwagLab.TestCases.T5_OverviewPageTest@479d31f3]" started-at="2025-04-04T09:24:25 IST" name="verifyPriceDetails" finished-at="2025-04-04T09:24:25 IST" duration-ms="52" status="PASS">
          <reporter-output>
          </reporter-output>
        </test-method> <!-- verifyPriceDetails -->
        <test-method signature="validateCheckoutProcess()[pri:4, instance:com.SwagLab.TestCases.T5_OverviewPageTest@479d31f3]" started-at="2025-04-04T09:24:25 IST" name="validateCheckoutProcess" finished-at="2025-04-04T09:24:25 IST" duration-ms="158" status="PASS">
          <reporter-output>
          </reporter-output>
        </test-method> <!-- validateCheckoutProcess -->
        <test-method is-config="true" signature="tearDown()[pri:0, instance:com.SwagLab.TestCases.T5_OverviewPageTest@479d31f3]" started-at="2025-04-04T09:24:25 IST" name="tearDown" finished-at="2025-04-04T09:24:26 IST" duration-ms="381" status="PASS">
          <reporter-output>
          </reporter-output>
        </test-method> <!-- tearDown -->
      </class> <!-- com.SwagLab.TestCases.T5_OverviewPageTest -->
      <class name="com.SwagLab.TestCases.T3_CartPageTest">
        <test-method is-config="true" signature="setUp(java.lang.String)[pri:0, instance:com.SwagLab.TestCases.T3_CartPageTest@43195e57]" started-at="2025-04-04T09:23:39 IST" name="setUp" finished-at="2025-04-04T09:23:41 IST" duration-ms="2106" status="PASS">
          <params>
            <param index="0">
              <value>
                <![CDATA[chrome]]>
              </value>
            </param>
          </params>
          <reporter-output>
          </reporter-output>
        </test-method> <!-- setUp -->
        <test-method is-config="true" signature="pageSetUp()[pri:0, instance:com.SwagLab.TestCases.T3_CartPageTest@43195e57]" started-at="2025-04-04T09:23:41 IST" name="pageSetUp" finished-at="2025-04-04T09:23:48 IST" duration-ms="6820" status="PASS">
          <reporter-output>
          </reporter-output>
        </test-method> <!-- pageSetUp -->
        <test-method signature="verifyProductAddedToCart()[pri:1, instance:com.SwagLab.TestCases.T3_CartPageTest@43195e57]" started-at="2025-04-04T09:23:48 IST" name="verifyProductAddedToCart" finished-at="2025-04-04T09:23:48 IST" duration-ms="24" status="PASS">
          <reporter-output>
          </reporter-output>
        </test-method> <!-- verifyProductAddedToCart -->
        <test-method signature="validateProductRemove()[pri:2, instance:com.SwagLab.TestCases.T3_CartPageTest@43195e57]" started-at="2025-04-04T09:23:48 IST" name="validateProductRemove" finished-at="2025-04-04T09:23:50 IST" duration-ms="2113" status="PASS">
          <reporter-output>
          </reporter-output>
        </test-method> <!-- validateProductRemove -->
        <test-method signature="validateContinueShopping()[pri:3, instance:com.SwagLab.TestCases.T3_CartPageTest@43195e57]" started-at="2025-04-04T09:23:50 IST" name="validateContinueShopping" finished-at="2025-04-04T09:23:56 IST" duration-ms="6364" status="PASS">
          <reporter-output>
          </reporter-output>
        </test-method> <!-- validateContinueShopping -->
        <test-method signature="verifyCheckOutPageLaunch()[pri:4, instance:com.SwagLab.TestCases.T3_CartPageTest@43195e57]" started-at="2025-04-04T09:23:56 IST" name="verifyCheckOutPageLaunch" finished-at="2025-04-04T09:23:58 IST" duration-ms="2083" status="PASS">
          <reporter-output>
          </reporter-output>
        </test-method> <!-- verifyCheckOutPageLaunch -->
        <test-method is-config="true" signature="tearDown()[pri:0, instance:com.SwagLab.TestCases.T3_CartPageTest@43195e57]" started-at="2025-04-04T09:23:58 IST" name="tearDown" finished-at="2025-04-04T09:23:59 IST" duration-ms="328" status="PASS">
          <reporter-output>
          </reporter-output>
        </test-method> <!-- tearDown -->
      </class> <!-- com.SwagLab.TestCases.T3_CartPageTest -->
      <class name="com.SwagLab.TestCases.T2_InventoryTest">
        <test-method is-config="true" signature="setUp(java.lang.String)[pri:0, instance:com.SwagLab.TestCases.T2_InventoryTest@6973b51b]" started-at="2025-04-04T09:23:36 IST" name="setUp" finished-at="2025-04-04T09:23:38 IST" duration-ms="2104" status="PASS">
          <params>
            <param index="0">
              <value>
                <![CDATA[chrome]]>
              </value>
            </param>
          </params>
          <reporter-output>
          </reporter-output>
        </test-method> <!-- setUp -->
        <test-method is-config="true" signature="pageSetUp()[pri:0, instance:com.SwagLab.TestCases.T2_InventoryTest@6973b51b]" started-at="2025-04-04T09:23:38 IST" name="pageSetUp" finished-at="2025-04-04T09:23:38 IST" duration-ms="460" status="PASS">
          <reporter-output>
          </reporter-output>
        </test-method> <!-- pageSetUp -->
        <test-method signature="verifyProductCount()[pri:1, instance:com.SwagLab.TestCases.T2_InventoryTest@6973b51b]" started-at="2025-04-04T09:23:38 IST" name="verifyProductCount" finished-at="2025-04-04T09:23:38 IST" duration-ms="33" status="PASS">
          <reporter-output>
          </reporter-output>
        </test-method> <!-- verifyProductCount -->
        <test-method signature="verifyProductDetails()[pri:2, instance:com.SwagLab.TestCases.T2_InventoryTest@6973b51b]" started-at="2025-04-04T09:23:38 IST" name="verifyProductDetails" finished-at="2025-04-04T09:23:38 IST" duration-ms="99" status="PASS">
          <reporter-output>
          </reporter-output>
        </test-method> <!-- verifyProductDetails -->
        <test-method signature="validateAddToCartFeature()[pri:3, instance:com.SwagLab.TestCases.T2_InventoryTest@6973b51b]" started-at="2025-04-04T09:23:38 IST" name="validateAddToCartFeature" finished-at="2025-04-04T09:23:39 IST" duration-ms="254" status="PASS">
          <reporter-output>
          </reporter-output>
        </test-method> <!-- validateAddToCartFeature -->
        <test-method is-config="true" signature="tearDown()[pri:0, instance:com.SwagLab.TestCases.T2_InventoryTest@6973b51b]" started-at="2025-04-04T09:23:39 IST" name="tearDown" finished-at="2025-04-04T09:23:39 IST" duration-ms="276" status="PASS">
          <reporter-output>
          </reporter-output>
        </test-method> <!-- tearDown -->
      </class> <!-- com.SwagLab.TestCases.T2_InventoryTest -->
      <class name="com.SwagLab.TestCases.T4_CheckOutPageTest">
        <test-method is-config="true" signature="setUp(java.lang.String)[pri:0, instance:com.SwagLab.TestCases.T4_CheckOutPageTest@333291e3]" started-at="2025-04-04T09:23:59 IST" name="setUp" finished-at="2025-04-04T09:24:04 IST" duration-ms="5069" status="PASS">
          <params>
            <param index="0">
              <value>
                <![CDATA[chrome]]>
              </value>
            </param>
          </params>
          <reporter-output>
          </reporter-output>
        </test-method> <!-- setUp -->
        <test-method is-config="true" signature="pageSetUp()[pri:0, instance:com.SwagLab.TestCases.T4_CheckOutPageTest@333291e3]" started-at="2025-04-04T09:24:04 IST" name="pageSetUp" finished-at="2025-04-04T09:24:11 IST" duration-ms="6981" status="PASS">
          <reporter-output>
          </reporter-output>
        </test-method> <!-- pageSetUp -->
        <test-method signature="validateCheckOut()[pri:1, instance:com.SwagLab.TestCases.T4_CheckOutPageTest@333291e3]" started-at="2025-04-04T09:24:11 IST" name="validateCheckOut" finished-at="2025-04-04T09:24:11 IST" duration-ms="327" status="PASS">
          <reporter-output>
          </reporter-output>
        </test-method> <!-- validateCheckOut -->
        <test-method is-config="true" signature="tearDown()[pri:0, instance:com.SwagLab.TestCases.T4_CheckOutPageTest@333291e3]" started-at="2025-04-04T09:24:11 IST" name="tearDown" finished-at="2025-04-04T09:24:11 IST" duration-ms="327" status="PASS">
          <reporter-output>
          </reporter-output>
        </test-method> <!-- tearDown -->
      </class> <!-- com.SwagLab.TestCases.T4_CheckOutPageTest -->
      <class name="com.SwagLab.TestCases.T1_LoginTest">
        <test-method is-config="true" signature="setUp(java.lang.String)[pri:0, instance:com.SwagLab.TestCases.T1_LoginTest@35ef1869]" started-at="2025-04-04T09:23:32 IST" name="setUp" finished-at="2025-04-04T09:23:35 IST" duration-ms="3089" status="PASS">
          <params>
            <param index="0">
              <value>
                <![CDATA[chrome]]>
              </value>
            </param>
          </params>
          <reporter-output>
          </reporter-output>
        </test-method> <!-- setUp -->
        <test-method signature="verifyUrl()[pri:1, instance:com.SwagLab.TestCases.T1_LoginTest@35ef1869]" started-at="2025-04-04T09:23:35 IST" name="verifyUrl" finished-at="2025-04-04T09:23:35 IST" duration-ms="17" status="PASS">
          <reporter-output>
          </reporter-output>
        </test-method> <!-- verifyUrl -->
        <test-method signature="validateLogin()[pri:2, instance:com.SwagLab.TestCases.T1_LoginTest@35ef1869]" started-at="2025-04-04T09:23:35 IST" name="validateLogin" finished-at="2025-04-04T09:23:35 IST" duration-ms="437" status="PASS">
          <reporter-output>
          </reporter-output>
        </test-method> <!-- validateLogin -->
        <test-method is-config="true" signature="tearDown()[pri:0, instance:com.SwagLab.TestCases.T1_LoginTest@35ef1869]" started-at="2025-04-04T09:23:35 IST" name="tearDown" finished-at="2025-04-04T09:23:36 IST" duration-ms="369" status="PASS">
          <reporter-output>
          </reporter-output>
        </test-method> <!-- tearDown -->
      </class> <!-- com.SwagLab.TestCases.T1_LoginTest -->
    </test> <!-- Test -->
  </suite> <!-- Suite -->
</testng-results>
