<?xml version="1.0" encoding="UTF-8"?>
<testng-results ignored="0" total="1" passed="1" failed="0" skipped="0">
  <reporter-output>
  </reporter-output>
  <suite started-at="2025-06-06T09:23:07 IST" name="Default suite" finished-at="2025-06-06T09:23:08 IST" duration-ms="222">
    <groups>
    </groups>
    <test started-at="2025-06-06T09:23:07 IST" name="Default test" finished-at="2025-06-06T09:23:08 IST" duration-ms="222">
      <class name="com.RestAPITestBDD.TestSerializationdeserialization">
        <test-method signature="testDeserialization()[pri:0, instance:com.RestAPITestBDD.TestSerializationdeserialization@747ddf94]" started-at="2025-06-06T09:23:07 IST" name="testDeserialization" finished-at="2025-06-06T09:23:08 IST" duration-ms="175" status="PASS">
          <reporter-output>
          </reporter-output>
        </test-method> <!-- testDeserialization -->
      </class> <!-- com.RestAPITestBDD.TestSerializationdeserialization -->
    </test> <!-- Default test -->
  </suite> <!-- Default suite -->
</testng-results>
