<?xml version="1.0" encoding="UTF-8"?>
<testng-results ignored="0" total="3" passed="3" failed="0" skipped="0">
  <reporter-output>
  </reporter-output>
  <suite started-at="2025-03-20T09:28:55 IST" name="Default suite" finished-at="2025-03-20T09:29:04 IST" duration-ms="9458">
    <groups>
    </groups>
    <test started-at="2025-03-20T09:28:55 IST" name="Default test" finished-at="2025-03-20T09:29:04 IST" duration-ms="9458">
      <class name="com.TestNG.PageObjectModelUsingByLocator.LoginPageTestCase">
        <test-method is-config="true" signature="setUp()[pri:0, instance:com.TestNG.PageObjectModelUsingByLocator.LoginPageTestCase@6404f418]" started-at="2025-03-20T09:28:55 IST" name="setUp" finished-at="2025-03-20T09:29:00 IST" duration-ms="5400" status="PASS">
          <reporter-output>
          </reporter-output>
        </test-method> <!-- setUp -->
        <test-method signature="validateUrl()[pri:1, instance:com.TestNG.PageObjectModelUsingByLocator.LoginPageTestCase@6404f418]" started-at="2025-03-20T09:29:00 IST" name="validateUrl" finished-at="2025-03-20T09:29:00 IST" duration-ms="16" status="PASS">
          <reporter-output>
          </reporter-output>
        </test-method> <!-- validateUrl -->
        <test-method signature="validateTitle()[pri:2, instance:com.TestNG.PageObjectModelUsingByLocator.LoginPageTestCase@6404f418]" started-at="2025-03-20T09:29:00 IST" name="validateTitle" finished-at="2025-03-20T09:29:00 IST" duration-ms="12" status="PASS">
          <reporter-output>
          </reporter-output>
        </test-method> <!-- validateTitle -->
        <test-method signature="validateLogin()[pri:3, instance:com.TestNG.PageObjectModelUsingByLocator.LoginPageTestCase@6404f418]" started-at="2025-03-20T09:29:00 IST" name="validateLogin" finished-at="2025-03-20T09:29:04 IST" duration-ms="3976" status="PASS">
          <reporter-output>
          </reporter-output>
        </test-method> <!-- validateLogin -->
      </class> <!-- com.TestNG.PageObjectModelUsingByLocator.LoginPageTestCase -->
    </test> <!-- Default test -->
  </suite> <!-- Default suite -->
</testng-results>
