<?xml version="1.0" encoding="UTF-8"?>
<!-- Generated by org.testng.reporters.JUnitReportReporter -->
<testsuite hostname="LAPTOP-5KMFOFH9" failures="0" tests="3" name="com.TestNG.PageObjectModelUsingPageFactory.HrmLoginPageTestCase" time="2.741" errors="0" timestamp="2025-03-21T08:59:36 IST" skipped="0">
  <testcase classname="com.TestNG.PageObjectModelUsingPageFactory.HrmLoginPageTestCase" name="validateUrl" time="0.017"/>
  <system-out/>
  <testcase classname="com.TestNG.PageObjectModelUsingPageFactory.HrmLoginPageTestCase" name="validateTitle" time="0.010"/>
  <system-out/>
  <testcase classname="com.TestNG.PageObjectModelUsingPageFactory.HrmLoginPageTestCase" name="validateLogin" time="2.714"/>
  <system-out/>
</testsuite> <!-- com.TestNG.PageObjectModelUsingPageFactory.HrmLoginPageTestCase -->
