<?xml version="1.0" encoding="UTF-8"?>
<!-- Generated by org.testng.reporters.JUnitReportReporter -->
<testsuite hostname="LAPTOP-5KMFOFH9" failures="0" tests="4" name="com.SwagLab.TestCases.T5_OverviewPageTest" time="0.249" errors="0" timestamp="2025-04-04T08:45:22 IST" skipped="0">
  <testcase classname="com.SwagLab.TestCases.T5_OverviewPageTest" name="verifyPayementDeatails" time="0.045"/>
  <system-out/>
  <testcase classname="com.SwagLab.TestCases.T5_OverviewPageTest" name="verifyshippingDetails" time="0.037"/>
  <system-out/>
  <testcase classname="com.SwagLab.TestCases.T5_OverviewPageTest" name="verifyPriceDetails" time="0.052"/>
  <system-out/>
  <testcase classname="com.SwagLab.TestCases.T5_OverviewPageTest" name="validateCheckoutProcess" time="0.115"/>
  <system-out/>
</testsuite> <!-- com.SwagLab.TestCases.T5_OverviewPageTest -->
