<?xml version="1.0" encoding="UTF-8"?>
<!-- Generated by org.testng.reporters.JUnitReportReporter -->
<testsuite hostname="LAPTOP-5KMFOFH9" failures="0" tests="3" name="com.TestNG.PageObjectModelUsingByLocator.LoginPageTestCase" time="3.013" errors="0" timestamp="2025-03-21T08:24:03 IST" skipped="0">
  <testcase classname="com.TestNG.PageObjectModelUsingByLocator.LoginPageTestCase" name="validateUrl" time="0.028"/>
  <system-out/>
  <testcase classname="com.TestNG.PageObjectModelUsingByLocator.LoginPageTestCase" name="validateTitle" time="0.014"/>
  <system-out/>
  <testcase classname="com.TestNG.PageObjectModelUsingByLocator.LoginPageTestCase" name="validateLogin" time="2.971"/>
  <system-out/>
</testsuite> <!-- com.TestNG.PageObjectModelUsingByLocator.LoginPageTestCase -->
