<?xml version="1.0" encoding="UTF-8"?>
<!-- Generated by org.testng.reporters.JUnitReportReporter -->
<testsuite hostname="LAPTOP-5KMFOFH9" failures="0" tests="3" name="com.TestNG.Annotations.AnnotationBasics" time="0.014" errors="0" timestamp="2025-03-18T09:19:03 IST" skipped="0">
  <testcase classname="com.TestNG.Annotations.AnnotationBasics" name="registerTest" time="0.009"/>
  <system-out/>
  <testcase classname="com.TestNG.Annotations.AnnotationBasics" name="loginTest" time="0.002"/>
  <system-out/>
  <testcase classname="com.TestNG.Annotations.AnnotationBasics" name="logoutTest" time="0.003"/>
  <system-out/>
</testsuite> <!-- com.TestNG.Annotations.AnnotationBasics -->
