<?xml version="1.0" encoding="UTF-8"?>
<!-- Generated by org.testng.reporters.JUnitReportReporter -->
<testsuite hostname="LAPTOP-5KMFOFH9" failures="0" tests="1" name="com.WebElementHandling.MultipleWindowHandling_Orangehrm" time="9.753" errors="0" timestamp="2025-02-26T08:28:26 IST" skipped="0">
  <testcase classname="com.WebElementHandling.MultipleWindowHandling_Orangehrm" name="testMultipleWindow" time="9.753"/>
  <system-out/>
</testsuite> <!-- com.WebElementHandling.MultipleWindowHandling_Orangehrm -->
