<?xml version="1.0" encoding="UTF-8"?>
<!-- Generated by org.testng.reporters.JUnitReportReporter -->
<testsuite hostname="LAPTOP-5KMFOFH9" failures="0" tests="1" name="com.TestNG.screenshots.FullPageScreenshotUsingAshotUtility" time="8.061" errors="0" timestamp="2025-04-02T09:09:43 IST" skipped="0">
  <testcase classname="com.TestNG.screenshots.FullPageScreenshotUsingAshotUtility" name="testFullPageScreenshot" time="8.061"/>
  <system-out/>
</testsuite> <!-- com.TestNG.screenshots.FullPageScreenshotUsingAshotUtility -->
