<?xml version="1.0" encoding="UTF-8"?>
<!-- Generated by org.testng.reporters.JUnitReportReporter -->
<testsuite hostname="LAPTOP-5KMFOFH9" failures="0" tests="1" name="com.specialScenario.SVGElementautomation_testAutomationPage" time="6.592" errors="0" timestamp="2025-03-06T08:49:01 IST" skipped="0">
  <testcase classname="com.specialScenario.SVGElementautomation_testAutomationPage" name="testSVG" time="6.592"/>
  <system-out/>
</testsuite> <!-- com.specialScenario.SVGElementautomation_testAutomationPage -->
