<?xml version="1.0" encoding="UTF-8"?>
<!-- Generated by org.testng.reporters.JUnitReportReporter -->
<testsuite hostname="LAPTOP-5KMFOFH9" failures="0" tests="2" name="com.WebElementHandling.AlertHandling" time="28.585" errors="0" timestamp="2025-03-03T08:26:45 IST" skipped="0">
  <testcase classname="com.WebElementHandling.AlertHandling" name="testAlert" time="12.875"/>
  <system-out/>
  <testcase classname="com.WebElementHandling.AlertHandling" name="alertTypesHandling" time="15.710"/>
  <system-out/>
</testsuite> <!-- com.WebElementHandling.AlertHandling -->
