<?xml version="1.0" encoding="UTF-8"?>
<!-- Generated by org.testng.reporters.JUnitReportReporter -->
<testsuite hostname="LAPTOP-5KMFOFH9" failures="0" tests="4" name="com.TestNG.BasicConcepts.TestDemo2_invocationCount" time="0.003" errors="0" timestamp="2025-03-18T09:06:27 IST" skipped="0">
  <testcase classname="com.TestNG.BasicConcepts.TestDemo2_invocationCount" name="registerTest" time="0.001"/>
  <system-out/>
  <testcase classname="com.TestNG.BasicConcepts.TestDemo2_invocationCount" name="loginTest" time="0.000"/>
  <system-out/>
  <testcase classname="com.TestNG.BasicConcepts.TestDemo2_invocationCount" name="loginTest" time="0.001"/>
  <system-out/>
  <testcase classname="com.TestNG.BasicConcepts.TestDemo2_invocationCount" name="loginTest" time="0.001"/>
  <system-out/>
</testsuite> <!-- com.TestNG.BasicConcepts.TestDemo2_invocationCount -->
