<?xml version="1.0" encoding="UTF-8"?>
<!-- Generated by org.testng.reporters.JUnitReportReporter -->
<testsuite hostname="LAPTOP-5KMFOFH9" failures="0" tests="3" name="com.TestNG.PageObjectModelUsingByLocator.LoginPageTestCase" time="4.004" errors="0" timestamp="2025-03-20T09:29:04 IST" skipped="0">
  <testcase classname="com.TestNG.PageObjectModelUsingByLocator.LoginPageTestCase" name="validateUrl" time="0.016"/>
  <system-out/>
  <testcase classname="com.TestNG.PageObjectModelUsingByLocator.LoginPageTestCase" name="validateTitle" time="0.012"/>
  <system-out/>
  <testcase classname="com.TestNG.PageObjectModelUsingByLocator.LoginPageTestCase" name="validateLogin" time="3.976"/>
  <system-out/>
</testsuite> <!-- com.TestNG.PageObjectModelUsingByLocator.LoginPageTestCase -->
