<?xml version="1.0" encoding="UTF-8"?>
<!-- Generated by org.testng.reporters.JUnitReportReporter -->
<testsuite hostname="LAPTOP-5KMFOFH9" failures="0" tests="4" name="com.TestNG.DataDrivenTesting.DataDrivenUsingArray" time="0.010" errors="0" timestamp="2025-03-26T09:23:04 IST" skipped="0">
  <testcase classname="com.TestNG.DataDrivenTesting.DataDrivenUsingArray" name="testLogin" time="0.000"/>
  <system-out/>
  <testcase classname="com.TestNG.DataDrivenTesting.DataDrivenUsingArray" name="testLogin" time="0.008"/>
  <system-out/>
  <testcase classname="com.TestNG.DataDrivenTesting.DataDrivenUsingArray" name="testLogin" time="0.001"/>
  <system-out/>
  <testcase classname="com.TestNG.DataDrivenTesting.DataDrivenUsingArray" name="testLogin" time="0.001"/>
  <system-out/>
</testsuite> <!-- com.TestNG.DataDrivenTesting.DataDrivenUsingArray -->
