<?xml version="1.0" encoding="UTF-8"?>
<!-- Generated by org.testng.reporters.JUnitReportReporter -->
<testsuite hostname="LAPTOP-5KMFOFH9" failures="0" tests="4" name="com.TestNG.DataDrivenTesting.DataDrivenUsingArray" time="0.015" errors="0" timestamp="2025-03-27T08:37:36 IST" skipped="0">
  <testcase classname="com.TestNG.DataDrivenTesting.DataDrivenUsingArray" name="testLogin" time="0.001"/>
  <system-out/>
  <testcase classname="com.TestNG.DataDrivenTesting.DataDrivenUsingArray" name="testLogin" time="0.009"/>
  <system-out/>
  <testcase classname="com.TestNG.DataDrivenTesting.DataDrivenUsingArray" name="testLogin" time="0.003"/>
  <system-out/>
  <testcase classname="com.TestNG.DataDrivenTesting.DataDrivenUsingArray" name="testLogin" time="0.002"/>
  <system-out/>
</testsuite> <!-- com.TestNG.DataDrivenTesting.DataDrivenUsingArray -->
