<?xml version="1.0" encoding="UTF-8"?>
<!-- Generated by org.testng.reporters.JUnitReportReporter -->
<testsuite hostname="LAPTOP-5KMFOFH9" failures="0" tests="1" name="com.WaitsInSelenium.WaitingScenarioUsingWebDriverWaitClass" time="11.180" errors="0" timestamp="2025-03-11T09:11:44 IST" skipped="0">
  <testcase classname="com.WaitsInSelenium.WaitingScenarioUsingWebDriverWaitClass" name="testExplicitWait" time="11.180"/>
  <system-out/>
</testsuite> <!-- com.WaitsInSelenium.WaitingScenarioUsingWebDriverWaitClass -->
