<?xml version="1.0" encoding="UTF-8"?>
<!-- Generated by org.testng.reporters.JUnitReportReporter -->
<testsuite hostname="LAPTOP-5KMFOFH9" failures="0" tests="3" name="com.TestNG.Annotations.RealTimeAnnotationUseCase" time="2.218" errors="0" timestamp="2025-03-20T08:42:38 IST" skipped="0">
  <testcase classname="com.TestNG.Annotations.RealTimeAnnotationUseCase" name="validateSignIn" time="0.921"/>
  <system-out/>
  <testcase classname="com.TestNG.Annotations.RealTimeAnnotationUseCase" name="validateLogin" time="0.321"/>
  <system-out/>
  <testcase classname="com.TestNG.Annotations.RealTimeAnnotationUseCase" name="validateLogout" time="0.976"/>
  <system-out/>
</testsuite> <!-- com.TestNG.Annotations.RealTimeAnnotationUseCase -->
