<?xml version="1.0" encoding="UTF-8"?>
<!-- Generated by org.testng.reporters.JUnitReportReporter -->
<testsuite hostname="Priyanka" failures="0" tests="4" name="com.SwagLab.TestCases.T3_CartPageTest" time="10.537" errors="0" timestamp="2025-04-15T06:37:17 SAST" skipped="0">
  <testcase classname="com.SwagLab.TestCases.T3_CartPageTest" name="verifyProductAddedToCart" time="0.026"/>
  <system-out/>
  <testcase classname="com.SwagLab.TestCases.T3_CartPageTest" name="validateProductRemove" time="2.085"/>
  <system-out/>
  <testcase classname="com.SwagLab.TestCases.T3_CartPageTest" name="validateContinueShopping" time="6.347"/>
  <system-out/>
  <testcase classname="com.SwagLab.TestCases.T3_CartPageTest" name="verifyCheckOutPageLaunch" time="2.079"/>
  <system-out/>
</testsuite> <!-- com.SwagLab.TestCases.T3_CartPageTest -->
