<?xml version="1.0" encoding="UTF-8"?>
<!-- Generated by org.testng.reporters.JUnitReportReporter -->
<testsuite hostname="Priyanka" failures="0" tests="1" name="com.AppTesting.MobileScenarios.ToggleWifi_AirplaneMode_MobileData" time="12.609" errors="0" timestamp="2025-06-15T11:36:54 IST" skipped="0">
  <testcase classname="com.AppTesting.MobileScenarios.ToggleWifi_AirplaneMode_MobileData" name="setUpToggle" time="12.609"/>
</testsuite> <!-- com.AppTesting.MobileScenarios.ToggleWifi_AirplaneMode_MobileData -->
