<?xml version="1.0" encoding="UTF-8"?>
<!-- Generated by org.testng.reporters.JUnitReportReporter -->
<testsuite hostname="LAPTOP-5KMFOFH9" failures="0" tests="4" name="com.SwagLab.TestCases.T3_CartPageTest" time="10.592" errors="0" timestamp="2025-04-04T08:45:22 IST" skipped="0">
  <testcase classname="com.SwagLab.TestCases.T3_CartPageTest" name="verifyProductAddedToCart" time="0.026"/>
  <system-out/>
  <testcase classname="com.SwagLab.TestCases.T3_CartPageTest" name="validateProductRemove" time="2.100"/>
  <system-out/>
  <testcase classname="com.SwagLab.TestCases.T3_CartPageTest" name="validateContinueShopping" time="6.378"/>
  <system-out/>
  <testcase classname="com.SwagLab.TestCases.T3_CartPageTest" name="verifyCheckOutPageLaunch" time="2.088"/>
  <system-out/>
</testsuite> <!-- com.SwagLab.TestCases.T3_CartPageTest -->
