<?xml version="1.0" encoding="UTF-8"?>
<!-- Generated by org.testng.reporters.JUnitReportReporter -->
<testsuite hostname="Priyanka" failures="0" tests="1" name="com.AppTesting.DriverSession.DriversessionUsingUiAutomator2OptionsClass" time="7.280" errors="0" timestamp="2025-06-12T09:12:44 IST" skipped="0">
  <testcase classname="com.AppTesting.DriverSession.DriversessionUsingUiAutomator2OptionsClass" name="craeteDriverSession" time="7.280"/>
</testsuite> <!-- com.AppTesting.DriverSession.DriversessionUsingUiAutomator2OptionsClass -->
