<?xml version="1.0" encoding="UTF-8"?>
<!-- Generated by org.testng.reporters.JUnitReportReporter -->
<testsuite hostname="LAPTOP-5KMFOFH9" failures="0" tests="4" name="com.TestNG.BasicConcepts.TestDemo1_priority_description" time="0.018" errors="0" timestamp="2025-03-17T08:40:46 IST" skipped="0">
  <testcase classname="com.TestNG.BasicConcepts.TestDemo1_priority_description" name="registerTest" time="0.015"/>
  <system-out/>
  <testcase classname="com.TestNG.BasicConcepts.TestDemo1_priority_description" name="loginTest" time="0.001"/>
  <system-out/>
  <testcase classname="com.TestNG.BasicConcepts.TestDemo1_priority_description" name="searchProductTest" time="0.001"/>
  <system-out/>
  <testcase classname="com.TestNG.BasicConcepts.TestDemo1_priority_description" name="addToCartTest" time="0.001"/>
  <system-out/>
</testsuite> <!-- com.TestNG.BasicConcepts.TestDemo1_priority_description -->
