<?xml version="1.0" encoding="UTF-8"?>
<!-- Generated by org.testng.reporters.JUnitReportReporter -->
<testsuite hostname="Priyanka" failures="0" tests="1" name="com.AppTesting.DriverSession.FirstAppiumSessionUsingDesiredCapabilities" time="10.666" errors="0" timestamp="2025-06-12T09:02:46 IST" skipped="0">
  <testcase classname="com.AppTesting.DriverSession.FirstAppiumSessionUsingDesiredCapabilities" name="testAppiumDriverSession" time="10.666"/>
</testsuite> <!-- com.AppTesting.DriverSession.FirstAppiumSessionUsingDesiredCapabilities -->
