<?xml version="1.0" encoding="UTF-8"?>
<!-- Generated by org.testng.reporters.JUnitReportReporter -->
<testsuite hostname="LAPTOP-5KMFOFH9" failures="0" tests="2" name="com.TestNG.BasicConcepts.TestDemo4_disableTest" time="6.183" errors="0" timestamp="2025-03-17T09:09:22 IST" skipped="1">
  <testcase classname="com.TestNG.BasicConcepts.TestDemo4_disableTest" name="edgeTest" time="6.183"/>
  <system-out/>
  <testcase classname="com.TestNG.BasicConcepts.TestDemo4_disableTest" name="firefoxTest">
    <skipped/>
  </testcase> <!-- firefoxTest -->
  <system-out/>
</testsuite> <!-- com.TestNG.BasicConcepts.TestDemo4_disableTest -->
