<?xml version="1.0" encoding="UTF-8"?>
<!-- Generated by org.testng.reporters.JUnitReportReporter -->
<testsuite hostname="LAPTOP-5KMFOFH9" failures="0" tests="3" name="com.TestNG.ParallelTesting.TestParallelApplicationExecution" time="21.611" errors="0" timestamp="2025-03-25T08:55:27 IST" skipped="0">
  <testcase classname="com.TestNG.ParallelTesting.TestParallelApplicationExecution" name="firefoxTest" time="9.153"/>
  <system-out/>
  <testcase classname="com.TestNG.ParallelTesting.TestParallelApplicationExecution" name="edgeTest" time="5.997"/>
  <system-out/>
  <testcase classname="com.TestNG.ParallelTesting.TestParallelApplicationExecution" name="chromeTest" time="6.461"/>
  <system-out/>
</testsuite> <!-- com.TestNG.ParallelTesting.TestParallelApplicationExecution -->
