<?xml version="1.0" encoding="UTF-8"?>
<!-- Generated by org.testng.reporters.JUnitReportReporter -->
<testsuite hostname="LAPTOP-5KMFOFH9" failures="0" tests="4" name="com.TestNG.BasicConcepts.TestDemo4_disableTest" time="12.208" errors="0" timestamp="2025-03-18T09:06:27 IST" skipped="1">
  <testcase classname="com.TestNG.BasicConcepts.TestDemo4_disableTest" name="chromeTest" time="4.994"/>
  <system-out/>
  <testcase classname="com.TestNG.BasicConcepts.TestDemo4_disableTest" name="edgeTest" time="3.812"/>
  <system-out/>
  <testcase classname="com.TestNG.BasicConcepts.TestDemo4_disableTest" name="chromeIncongintoTest" time="3.402"/>
  <system-out/>
  <testcase classname="com.TestNG.BasicConcepts.TestDemo4_disableTest" name="firefoxTest">
    <skipped/>
  </testcase> <!-- firefoxTest -->
  <system-out/>
</testsuite> <!-- com.TestNG.BasicConcepts.TestDemo4_disableTest -->
