<?xml version="1.0" encoding="UTF-8"?>
<!-- Generated by org.testng.reporters.JUnitReportReporter -->
<testsuite hostname="LAPTOP-5KMFOFH9" failures="0" tests="1" name="com.WebElementHandling.MultipleWindowHandling_Orangehrm" time="11.056" errors="0" timestamp="2025-02-24T09:24:56 IST" skipped="0">
  <testcase classname="com.WebElementHandling.MultipleWindowHandling_Orangehrm" name="testMultipleWindow" time="11.056"/>
  <system-out/>
</testsuite> <!-- com.WebElementHandling.MultipleWindowHandling_Orangehrm -->
