<?xml version="1.0" encoding="UTF-8"?>
<!-- Generated by org.testng.reporters.JUnitReportReporter -->
<testsuite hostname="LAPTOP-5KMFOFH9" failures="0" tests="2" name="com.TestNG.Annotations.ClassB" time="0.004" errors="0" timestamp="2025-03-18T09:31:13 IST" skipped="0">
  <testcase classname="com.TestNG.Annotations.ClassB" name="testCase1" time="0.003"/>
  <system-out/>
  <testcase classname="com.TestNG.Annotations.ClassB" name="testCase2" time="0.001"/>
  <system-out/>
</testsuite> <!-- com.TestNG.Annotations.ClassB -->
