<?xml version="1.0" encoding="UTF-8"?>
<!-- Generated by org.testng.reporters.JUnitReportReporter -->
<testsuite hostname="Priyanka" failures="0" tests="3" name="com.SeleniumGrid.CrossBrowserTestOnGrid" time="89.096" errors="0" timestamp="2025-04-22T08:53:51 IST" skipped="0">
  <testcase classname="com.SeleniumGrid.CrossBrowserTestOnGrid" name="testCrossBrowser" time="29.442"/>
  <system-out/>
  <testcase classname="com.SeleniumGrid.CrossBrowserTestOnGrid" name="testCrossBrowser" time="31.357"/>
  <system-out/>
  <testcase classname="com.SeleniumGrid.CrossBrowserTestOnGrid" name="testCrossBrowser" time="28.297"/>
  <system-out/>
</testsuite> <!-- com.SeleniumGrid.CrossBrowserTestOnGrid -->
