<?xml version="1.0" encoding="UTF-8"?>
<!-- Generated by org.testng.reporters.JUnitReportReporter -->
<testsuite hostname="LAPTOP-5KMFOFH9" failures="0" tests="1" name="com.TestNG.DataPassing.HrmLoginScenarioUsingPropertiesFile" time="6.386" errors="0" timestamp="2025-03-26T08:55:59 IST" skipped="0">
  <testcase classname="com.TestNG.DataPassing.HrmLoginScenarioUsingPropertiesFile" name="testLogin" time="6.386"/>
  <system-out/>
</testsuite> <!-- com.TestNG.DataPassing.HrmLoginScenarioUsingPropertiesFile -->
