<?xml version="1.0" encoding="UTF-8"?>
<!-- Generated by org.testng.reporters.JUnitReportReporter -->
<testsuite hostname="Priyanka" failures="0" tests="7" name="com.RestAPITestBDD.HotelBookingAPIChaining" time="9.963" errors="0" timestamp="2025-06-05T09:35:02 IST" skipped="0">
  <testcase classname="com.RestAPITestBDD.HotelBookingAPIChaining" name="createBooking" time="3.227"/>
  <testcase classname="com.RestAPITestBDD.HotelBookingAPIChaining" name="getBookingdetails" time="1.183"/>
  <testcase classname="com.RestAPITestBDD.HotelBookingAPIChaining" name="createToken" time="1.047"/>
  <testcase classname="com.RestAPITestBDD.HotelBookingAPIChaining" name="fullBookingUpdate" time="1.071"/>
  <testcase classname="com.RestAPITestBDD.HotelBookingAPIChaining" name="partialUpdate" time="1.219"/>
  <testcase classname="com.RestAPITestBDD.HotelBookingAPIChaining" name="getUpdatedBookingdetails" time="1.068"/>
  <testcase classname="com.RestAPITestBDD.HotelBookingAPIChaining" name="deleteBooking" time="1.148"/>
</testsuite> <!-- com.RestAPITestBDD.HotelBookingAPIChaining -->
