<?xml version="1.0" encoding="UTF-8"?>
<!-- Generated by org.testng.reporters.JUnitReportReporter -->
<testsuite hostname="Priyanka" failures="0" tests="3" name="com.SwagLab.TestCases.T2_InventoryTest" time="0.693" errors="0" timestamp="2025-04-17T08:45:47 IST" skipped="0">
  <testcase classname="com.SwagLab.TestCases.T2_InventoryTest" name="verifyProductCount" time="0.045"/>
  <system-out/>
  <testcase classname="com.SwagLab.TestCases.T2_InventoryTest" name="verifyProductDetails" time="0.225"/>
  <system-out/>
  <testcase classname="com.SwagLab.TestCases.T2_InventoryTest" name="validateAddToCartFeature" time="0.423"/>
  <system-out/>
</testsuite> <!-- com.SwagLab.TestCases.T2_InventoryTest -->
