<?xml version="1.0" encoding="UTF-8"?>
<!-- Generated by org.testng.reporters.JUnitReportReporter -->
<testsuite hostname="Priyanka" failures="0" tests="4" name="com.SwagLab.TestCases.T5_OverviewPageTest" time="0.209" errors="0" timestamp="2025-04-23T09:32:22 IST" skipped="0">
  <testcase classname="com.SwagLab.TestCases.T5_OverviewPageTest" name="verifyPayementDeatails" time="0.037"/>
  <system-out/>
  <testcase classname="com.SwagLab.TestCases.T5_OverviewPageTest" name="verifyshippingDetails" time="0.044"/>
  <system-out/>
  <testcase classname="com.SwagLab.TestCases.T5_OverviewPageTest" name="verifyPriceDetails" time="0.030"/>
  <system-out/>
  <testcase classname="com.SwagLab.TestCases.T5_OverviewPageTest" name="validateCheckoutProcess" time="0.098"/>
  <system-out/>
</testsuite> <!-- com.SwagLab.TestCases.T5_OverviewPageTest -->
