<?xml version="1.0" encoding="UTF-8"?>
<!-- Generated by org.testng.reporters.JUnitReportReporter -->
<testsuite hostname="Priyanka" failures="0" tests="4" name="com.SwagLab.TestCases.T5_OverviewPageTest" time="0.320" errors="0" timestamp="2025-04-17T09:00:00 IST" skipped="0">
  <testcase classname="com.SwagLab.TestCases.T5_OverviewPageTest" name="verifyPayementDeatails" time="0.073"/>
  <system-out/>
  <testcase classname="com.SwagLab.TestCases.T5_OverviewPageTest" name="verifyshippingDetails" time="0.068"/>
  <system-out/>
  <testcase classname="com.SwagLab.TestCases.T5_OverviewPageTest" name="verifyPriceDetails" time="0.059"/>
  <system-out/>
  <testcase classname="com.SwagLab.TestCases.T5_OverviewPageTest" name="validateCheckoutProcess" time="0.120"/>
  <system-out/>
</testsuite> <!-- com.SwagLab.TestCases.T5_OverviewPageTest -->
