<?xml version="1.0" encoding="UTF-8"?>
<!-- Generated by org.testng.reporters.JUnitReportReporter -->
<testsuite hostname="LAPTOP-5KMFOFH9" failures="0" tests="2" name="com.SwagLab.TestCases.T1_LoginTest" time="0.454" errors="0" timestamp="2025-04-04T09:24:26 IST" skipped="0">
  <testcase classname="com.SwagLab.TestCases.T1_LoginTest" name="verifyUrl" time="0.017"/>
  <system-out/>
  <testcase classname="com.SwagLab.TestCases.T1_LoginTest" name="validateLogin" time="0.437"/>
  <system-out/>
</testsuite> <!-- com.SwagLab.TestCases.T1_LoginTest -->
