<?xml version="1.0" encoding="UTF-8"?>
<!-- Generated by org.testng.reporters.JUnitReportReporter -->
<testsuite hostname="LAPTOP-5KMFOFH9" failures="0" tests="2" name="com.SwagLab.TestCases.T1_LoginTest" time="0.552" errors="0" timestamp="2025-04-15T09:16:33 IST" skipped="0">
  <testcase classname="com.SwagLab.TestCases.T1_LoginTest" name="verifyUrl" time="0.025"/>
  <system-out/>
  <testcase classname="com.SwagLab.TestCases.T1_LoginTest" name="validateLogin" time="0.527"/>
  <system-out/>
</testsuite> <!-- com.SwagLab.TestCases.T1_LoginTest -->
