<?xml version="1.0" encoding="UTF-8"?>
<!-- Generated by org.testng.reporters.JUnitReportReporter -->
<testsuite hostname="Priyanka" failures="0" tests="4" name="com.SwagLab.TestCases.T3_CartPageTest" time="10.714" errors="0" timestamp="2025-04-17T08:45:47 IST" skipped="0">
  <testcase classname="com.SwagLab.TestCases.T3_CartPageTest" name="verifyProductAddedToCart" time="0.055"/>
  <system-out/>
  <testcase classname="com.SwagLab.TestCases.T3_CartPageTest" name="validateProductRemove" time="2.106"/>
  <system-out/>
  <testcase classname="com.SwagLab.TestCases.T3_CartPageTest" name="validateContinueShopping" time="6.422"/>
  <system-out/>
  <testcase classname="com.SwagLab.TestCases.T3_CartPageTest" name="verifyCheckOutPageLaunch" time="2.131"/>
  <system-out/>
</testsuite> <!-- com.SwagLab.TestCases.T3_CartPageTest -->
